<?xml version="1.0" encoding="UTF-8"?>
<coverage generated="1562220078">
  <project timestamp="1562220078">
    <file name="C:\xampp\htdocs\sigepauta\view\integracao\functions\FuncoesIntegracao.php">
      <class name="FuncoesIntegracao" namespace="global">
        <metrics complexity="33" methods="9" coveredmethods="8" conditionals="0" coveredconditionals="0" statements="228" coveredstatements="215" elements="237" coveredelements="223"/>
      </class>
      <line num="24" type="method" name="buscarDadosNoEsiraEstudante" complexity="1" crap="1" count="1"/>
      <line num="26" type="stmt" count="1"/>
      <line num="27" type="stmt" count="1"/>
      <line num="28" type="stmt" count="1"/>
      <line num="29" type="stmt" count="1"/>
      <line num="31" type="stmt" count="1"/>
      <line num="32" type="stmt" count="1"/>
      <line num="33" type="stmt" count="1"/>
      <line num="35" type="stmt" count="1"/>
      <line num="40" type="stmt" count="1"/>
      <line num="41" type="stmt" count="1"/>
      <line num="42" type="stmt" count="1"/>
      <line num="44" type="stmt" count="1"/>
      <line num="47" type="method" name="buscarDadosNoEsiraDisciplina" complexity="1" crap="1" count="1"/>
      <line num="49" type="stmt" count="1"/>
      <line num="50" type="stmt" count="1"/>
      <line num="51" type="stmt" count="1"/>
      <line num="52" type="stmt" count="1"/>
      <line num="54" type="stmt" count="1"/>
      <line num="55" type="stmt" count="1"/>
      <line num="56" type="stmt" count="1"/>
      <line num="58" type="stmt" count="1"/>
      <line num="63" type="stmt" count="1"/>
      <line num="64" type="stmt" count="1"/>
      <line num="65" type="stmt" count="1"/>
      <line num="67" type="stmt" count="1"/>
      <line num="70" type="method" name="buscarDadosNoEsiraCurso" complexity="1" crap="1" count="1"/>
      <line num="72" type="stmt" count="1"/>
      <line num="73" type="stmt" count="1"/>
      <line num="74" type="stmt" count="1"/>
      <line num="75" type="stmt" count="1"/>
      <line num="77" type="stmt" count="1"/>
      <line num="78" type="stmt" count="1"/>
      <line num="79" type="stmt" count="1"/>
      <line num="81" type="stmt" count="1"/>
      <line num="87" type="stmt" count="1"/>
      <line num="88" type="stmt" count="1"/>
      <line num="89" type="stmt" count="1"/>
      <line num="91" type="stmt" count="1"/>
      <line num="94" type="method" name="buscarDadosNoEsiraInscricao" complexity="1" crap="1" count="1"/>
      <line num="96" type="stmt" count="1"/>
      <line num="97" type="stmt" count="1"/>
      <line num="98" type="stmt" count="1"/>
      <line num="99" type="stmt" count="1"/>
      <line num="101" type="stmt" count="1"/>
      <line num="102" type="stmt" count="1"/>
      <line num="103" type="stmt" count="1"/>
      <line num="105" type="stmt" count="1"/>
      <line num="110" type="stmt" count="1"/>
      <line num="111" type="stmt" count="1"/>
      <line num="112" type="stmt" count="1"/>
      <line num="114" type="stmt" count="1"/>
      <line num="123" type="method" name="listaDeAlunos" complexity="6" crap="6" count="1"/>
      <line num="124" type="stmt" count="1"/>
      <line num="125" type="stmt" count="1"/>
      <line num="129" type="stmt" count="1"/>
      <line num="130" type="stmt" count="1"/>
      <line num="131" type="stmt" count="1"/>
      <line num="132" type="stmt" count="1"/>
      <line num="134" type="stmt" count="1"/>
      <line num="135" type="stmt" count="1"/>
      <line num="136" type="stmt" count="1"/>
      <line num="138" type="stmt" count="1"/>
      <line num="143" type="stmt" count="1"/>
      <line num="144" type="stmt" count="1"/>
      <line num="145" type="stmt" count="1"/>
      <line num="147" type="stmt" count="1"/>
      <line num="148" type="stmt" count="1"/>
      <line num="149" type="stmt" count="1"/>
      <line num="150" type="stmt" count="1"/>
      <line num="151" type="stmt" count="1"/>
      <line num="153" type="stmt" count="1"/>
      <line num="154" type="stmt" count="1"/>
      <line num="155" type="stmt" count="1"/>
      <line num="158" type="stmt" count="1"/>
      <line num="160" type="stmt" count="1"/>
      <line num="162" type="stmt" count="1"/>
      <line num="163" type="stmt" count="1"/>
      <line num="164" type="stmt" count="1"/>
      <line num="168" type="stmt" count="1"/>
      <line num="170" type="stmt" count="1"/>
      <line num="172" type="stmt" count="1"/>
      <line num="173" type="stmt" count="1"/>
      <line num="175" type="stmt" count="1"/>
      <line num="176" type="stmt" count="1"/>
      <line num="177" type="stmt" count="1"/>
      <line num="181" type="stmt" count="1"/>
      <line num="182" type="stmt" count="1"/>
      <line num="183" type="stmt" count="1"/>
      <line num="184" type="stmt" count="1"/>
      <line num="186" type="stmt" count="1"/>
      <line num="189" type="stmt" count="1"/>
      <line num="191" type="stmt" count="1"/>
      <line num="200" type="method" name="listaDeDisciplinas" complexity="6" crap="6" count="1"/>
      <line num="202" type="stmt" count="1"/>
      <line num="203" type="stmt" count="1"/>
      <line num="208" type="stmt" count="1"/>
      <line num="209" type="stmt" count="1"/>
      <line num="210" type="stmt" count="1"/>
      <line num="211" type="stmt" count="1"/>
      <line num="213" type="stmt" count="1"/>
      <line num="214" type="stmt" count="1"/>
      <line num="215" type="stmt" count="1"/>
      <line num="217" type="stmt" count="1"/>
      <line num="222" type="stmt" count="1"/>
      <line num="223" type="stmt" count="1"/>
      <line num="224" type="stmt" count="1"/>
      <line num="226" type="stmt" count="1"/>
      <line num="227" type="stmt" count="1"/>
      <line num="228" type="stmt" count="1"/>
      <line num="229" type="stmt" count="1"/>
      <line num="230" type="stmt" count="1"/>
      <line num="232" type="stmt" count="1"/>
      <line num="233" type="stmt" count="1"/>
      <line num="234" type="stmt" count="1"/>
      <line num="236" type="stmt" count="1"/>
      <line num="238" type="stmt" count="1"/>
      <line num="240" type="stmt" count="1"/>
      <line num="241" type="stmt" count="1"/>
      <line num="242" type="stmt" count="1"/>
      <line num="243" type="stmt" count="1"/>
      <line num="244" type="stmt" count="1"/>
      <line num="248" type="stmt" count="1"/>
      <line num="250" type="stmt" count="1"/>
      <line num="251" type="stmt" count="1"/>
      <line num="255" type="stmt" count="1"/>
      <line num="257" type="stmt" count="1"/>
      <line num="258" type="stmt" count="1"/>
      <line num="259" type="stmt" count="1"/>
      <line num="261" type="stmt" count="1"/>
      <line num="262" type="stmt" count="1"/>
      <line num="263" type="stmt" count="1"/>
      <line num="265" type="stmt" count="1"/>
      <line num="266" type="stmt" count="1"/>
      <line num="267" type="stmt" count="1"/>
      <line num="271" type="stmt" count="1"/>
      <line num="273" type="stmt" count="1"/>
      <line num="274" type="stmt" count="1"/>
      <line num="275" type="stmt" count="1"/>
      <line num="277" type="stmt" count="1"/>
      <line num="280" type="stmt" count="1"/>
      <line num="282" type="stmt" count="1"/>
      <line num="291" type="method" name="listaDeCursos" complexity="6" crap="6" count="1"/>
      <line num="292" type="stmt" count="1"/>
      <line num="293" type="stmt" count="1"/>
      <line num="298" type="stmt" count="1"/>
      <line num="299" type="stmt" count="1"/>
      <line num="300" type="stmt" count="1"/>
      <line num="301" type="stmt" count="1"/>
      <line num="303" type="stmt" count="1"/>
      <line num="304" type="stmt" count="1"/>
      <line num="305" type="stmt" count="1"/>
      <line num="307" type="stmt" count="1"/>
      <line num="313" type="stmt" count="1"/>
      <line num="314" type="stmt" count="1"/>
      <line num="315" type="stmt" count="1"/>
      <line num="317" type="stmt" count="1"/>
      <line num="318" type="stmt" count="1"/>
      <line num="319" type="stmt" count="1"/>
      <line num="320" type="stmt" count="1"/>
      <line num="321" type="stmt" count="1"/>
      <line num="322" type="stmt" count="1"/>
      <line num="324" type="stmt" count="1"/>
      <line num="325" type="stmt" count="1"/>
      <line num="326" type="stmt" count="1"/>
      <line num="329" type="stmt" count="1"/>
      <line num="330" type="stmt" count="1"/>
      <line num="331" type="stmt" count="1"/>
      <line num="335" type="stmt" count="1"/>
      <line num="339" type="stmt" count="1"/>
      <line num="341" type="stmt" count="1"/>
      <line num="342" type="stmt" count="1"/>
      <line num="343" type="stmt" count="1"/>
      <line num="344" type="stmt" count="1"/>
      <line num="345" type="stmt" count="1"/>
      <line num="349" type="stmt" count="1"/>
      <line num="351" type="stmt" count="1"/>
      <line num="352" type="stmt" count="1"/>
      <line num="353" type="stmt" count="1"/>
      <line num="356" type="stmt" count="1"/>
      <line num="359" type="stmt" count="1"/>
      <line num="361" type="stmt" count="1"/>
      <line num="370" type="method" name="listaDeInscricoes" complexity="6" crap="6" count="1"/>
      <line num="372" type="stmt" count="1"/>
      <line num="373" type="stmt" count="1"/>
      <line num="378" type="stmt" count="1"/>
      <line num="379" type="stmt" count="1"/>
      <line num="380" type="stmt" count="1"/>
      <line num="381" type="stmt" count="1"/>
      <line num="383" type="stmt" count="1"/>
      <line num="384" type="stmt" count="1"/>
      <line num="385" type="stmt" count="1"/>
      <line num="387" type="stmt" count="1"/>
      <line num="392" type="stmt" count="1"/>
      <line num="393" type="stmt" count="1"/>
      <line num="394" type="stmt" count="1"/>
      <line num="396" type="stmt" count="1"/>
      <line num="397" type="stmt" count="1"/>
      <line num="398" type="stmt" count="1"/>
      <line num="401" type="stmt" count="1"/>
      <line num="402" type="stmt" count="1"/>
      <line num="403" type="stmt" count="1"/>
      <line num="406" type="stmt" count="1"/>
      <line num="407" type="stmt" count="1"/>
      <line num="408" type="stmt" count="1"/>
      <line num="410" type="stmt" count="1"/>
      <line num="412" type="stmt" count="1"/>
      <line num="413" type="stmt" count="1"/>
      <line num="414" type="stmt" count="1"/>
      <line num="416" type="stmt" count="1"/>
      <line num="418" type="stmt" count="1"/>
      <line num="420" type="stmt" count="1"/>
      <line num="421" type="stmt" count="1"/>
      <line num="423" type="stmt" count="1"/>
      <line num="424" type="stmt" count="1"/>
      <line num="426" type="stmt" count="1"/>
      <line num="427" type="stmt" count="1"/>
      <line num="428" type="stmt" count="1"/>
      <line num="432" type="stmt" count="1"/>
      <line num="435" type="stmt" count="1"/>
      <line num="437" type="stmt" count="1"/>
      <line num="440" type="stmt" count="1"/>
      <line num="442" type="stmt" count="1"/>
      <line num="445" type="method" name="message" complexity="5" crap="30.00" count="0"/>
      <line num="447" type="stmt" count="0"/>
      <line num="448" type="stmt" count="0"/>
      <line num="450" type="stmt" count="0"/>
      <line num="455" type="stmt" count="0"/>
      <line num="456" type="stmt" count="0"/>
      <line num="457" type="stmt" count="0"/>
      <line num="461" type="stmt" count="0"/>
      <line num="463" type="stmt" count="0"/>
      <line num="464" type="stmt" count="0"/>
      <line num="465" type="stmt" count="0"/>
      <line num="468" type="stmt" count="0"/>
      <line num="471" type="stmt" count="0"/>
      <line num="474" type="stmt" count="0"/>
      <metrics loc="474" ncloc="242" classes="1" methods="9" coveredmethods="8" conditionals="0" coveredconditionals="0" statements="228" coveredstatements="215" elements="237" coveredelements="223"/>
    </file>
    <metrics files="1" loc="474" ncloc="242" classes="1" methods="9" coveredmethods="8" conditionals="0" coveredconditionals="0" statements="228" coveredstatements="215" elements="237" coveredelements="223"/>
  </project>
</coverage>
