<?xml version="1.0" encoding="UTF-8"?>
<testsuites>
  <testsuite name="allTests" tests="9" assertions="9" errors="0" failures="0" skipped="0" time="0.443615">
    <testsuite name="IntegracaoTest" file="C:\xampp\htdocs\sigepauta\tests\IntegracaoTest.php" tests="8" assertions="8" errors="0" failures="0" skipped="0" time="0.428829">
      <testcase name="testBuscarDadosNoEsiraEstudante" class="IntegracaoTest" classname="IntegracaoTest" file="C:\xampp\htdocs\sigepauta\tests\IntegracaoTest.php" line="15" assertions="1" time="0.049409"/>
      <testcase name="testBuscarDadosNoEsiraDisciplina" class="IntegracaoTest" classname="IntegracaoTest" file="C:\xampp\htdocs\sigepauta\tests\IntegracaoTest.php" line="24" assertions="1" time="0.020730"/>
      <testcase name="testBscarDadosNoEsiraCurso" class="IntegracaoTest" classname="IntegracaoTest" file="C:\xampp\htdocs\sigepauta\tests\IntegracaoTest.php" line="32" assertions="1" time="0.017151"/>
      <testcase name="testBuscarDadosNoEsiraInscricao" class="IntegracaoTest" classname="IntegracaoTest" file="C:\xampp\htdocs\sigepauta\tests\IntegracaoTest.php" line="40" assertions="1" time="0.118441"/>
      <testcase name="testListaDeAlunos" class="IntegracaoTest" classname="IntegracaoTest" file="C:\xampp\htdocs\sigepauta\tests\IntegracaoTest.php" line="49" assertions="1" time="0.033659"/>
      <testcase name="testListaDeDisciplinas" class="IntegracaoTest" classname="IntegracaoTest" file="C:\xampp\htdocs\sigepauta\tests\IntegracaoTest.php" line="59" assertions="1" time="0.016513"/>
      <testcase name="testListaDeCursos" class="IntegracaoTest" classname="IntegracaoTest" file="C:\xampp\htdocs\sigepauta\tests\IntegracaoTest.php" line="68" assertions="1" time="0.021255"/>
      <testcase name="testListaDeInscricoes" class="IntegracaoTest" classname="IntegracaoTest" file="C:\xampp\htdocs\sigepauta\tests\IntegracaoTest.php" line="77" assertions="1" time="0.151671"/>
    </testsuite>
    <testsuite name="ExameEspecialTest" file="C:\xampp\htdocs\sigepauta\tests\ExameEspecialTest.php" tests="1" assertions="1" errors="0" failures="0" skipped="0" time="0.014786">
      <testcase name="testResult" class="ExameEspecialTest" classname="ExameEspecialTest" file="C:\xampp\htdocs\sigepauta\tests\ExameEspecialTest.php" line="13" assertions="1" time="0.014786"/>
    </testsuite>
  </testsuite>
</testsuites>
